<?xml version="1.0" encoding="UTF-8"?>
<testsuite name="com.bridgelabz.AddressBookDetailsRESTAssure" tests="1" skipped="0" failures="0" errors="0" timestamp="2020-08-04T18:10:48" hostname="SAIPRASAD-PC" time="3.428">
  <properties/>
  <testcase name="givenAddressBookId_OnDelete_ShouldReturnSuccessStatus" classname="com.bridgelabz.AddressBookDetailsRESTAssure" time="3.428"/>
  <system-out><![CDATA[]]></system-out>
  <system-err><![CDATA[]]></system-err>
</testsuite>
